The system is: Darwin - 18.7.0 - x86_64
Compiling the C compiler identification source file "CMakeCCompilerId.c" succeeded.
Compiler: /anaconda3/bin/cc 
Build flags: 
Id flags:  

The output was:
0


Compilation of the C compiler identification source "CMakeCCompilerId.c" produced "a.out"

The C compiler identification is GNU, found in "/Users/liuguanfu/WorkSpace/gbdt/src/cpp/cmake-build-debug/CMakeFiles/3.15.3/CompilerIdC/a.out"

Compiling the CXX compiler identification source file "CMakeCXXCompilerId.cpp" succeeded.
Compiler: /anaconda3/bin/c++ 
Build flags: 
Id flags:  

The output was:
0


Compilation of the CXX compiler identification source "CMakeCXXCompilerId.cpp" produced "a.out"

The CXX compiler identification is GNU, found in "/Users/liuguanfu/WorkSpace/gbdt/src/cpp/cmake-build-debug/CMakeFiles/3.15.3/CompilerIdCXX/a.out"

Determining if the C compiler works passed with the following output:
Change Dir: /Users/liuguanfu/WorkSpace/gbdt/src/cpp/cmake-build-debug/CMakeFiles/CMakeTmp

Run Build Command(s):/usr/bin/make cmTC_a9710/fast && /Applications/Xcode.app/Contents/Developer/usr/bin/make -f CMakeFiles/cmTC_a9710.dir/build.make CMakeFiles/cmTC_a9710.dir/build
Building C object CMakeFiles/cmTC_a9710.dir/testCCompiler.c.o
/anaconda3/bin/cc    -o CMakeFiles/cmTC_a9710.dir/testCCompiler.c.o   -c /Users/liuguanfu/WorkSpace/gbdt/src/cpp/cmake-build-debug/CMakeFiles/CMakeTmp/testCCompiler.c
Linking C executable cmTC_a9710
/Applications/CLion.app/Contents/bin/cmake/mac/bin/cmake -E cmake_link_script CMakeFiles/cmTC_a9710.dir/link.txt --verbose=1
/anaconda3/bin/cc   -Wl,-search_paths_first -Wl,-headerpad_max_install_names -L/usr/local/opt/llvm/lib -Wl,-rpath,/usr/local/opt/llvm/lib  CMakeFiles/cmTC_a9710.dir/testCCompiler.c.o  -o cmTC_a9710 



Detecting C compiler ABI info compiled with the following output:
Change Dir: /Users/liuguanfu/WorkSpace/gbdt/src/cpp/cmake-build-debug/CMakeFiles/CMakeTmp

Run Build Command(s):/usr/bin/make cmTC_12118/fast && /Applications/Xcode.app/Contents/Developer/usr/bin/make -f CMakeFiles/cmTC_12118.dir/build.make CMakeFiles/cmTC_12118.dir/build
Building C object CMakeFiles/cmTC_12118.dir/CMakeCCompilerABI.c.o
/anaconda3/bin/cc   -v -Wl,-v -o CMakeFiles/cmTC_12118.dir/CMakeCCompilerABI.c.o   -c /Applications/CLion.app/Contents/bin/cmake/mac/share/cmake-3.15/Modules/CMakeCCompilerABI.c
Using built-in specs.
COLLECT_GCC=/anaconda3/bin/cc
Target: x86_64-apple-darwin13.4.0
Configured with: ./configure --prefix=/anaconda3 --libdir=/anaconda3/lib --with-gmp=/anaconda3 --with-mpfr=/anaconda3 --with-mpc=/anaconda3 --with-isl=/anaconda3 --with-cloog=/anaconda3 --with-boot-ldflags=-Wl,-headerpad_max_install_names --with-stage1-ldflags=-Wl,-headerpad_max_install_names --enable-checking=release --disable-multilib
Thread model: posix
gcc version 5.2.0 (GCC) 
COLLECT_GCC_OPTIONS='-mmacosx-version-min=10.14.7' '-v' '-o' 'CMakeFiles/cmTC_12118.dir/CMakeCCompilerABI.c.o' '-c' '-mtune=core2'
 /anaconda3/libexec/gcc/x86_64-apple-darwin13.4.0/5.2.0/cc1 -quiet -v -D__DYNAMIC__ /Applications/CLion.app/Contents/bin/cmake/mac/share/cmake-3.15/Modules/CMakeCCompilerABI.c -fPIC -quiet -dumpbase CMakeCCompilerABI.c -mmacosx-version-min=10.14.7 -mtune=core2 -auxbase-strip CMakeFiles/cmTC_12118.dir/CMakeCCompilerABI.c.o -version -o /var/folders/9k/_cs35h5x0xn9nbsnmpyy_b340000gn/T//ccrNcjm1.s
GNU C11 (GCC) version 5.2.0 (x86_64-apple-darwin13.4.0)
	compiled by GNU C version 5.2.0, GMP version 5.1.3, MPFR version 3.1.2, MPC version 1.0.1
warning: GMP header version 5.1.3 differs from library version 6.1.0.
GGC heuristics: --param ggc-min-expand=100 --param ggc-min-heapsize=131072
ignoring nonexistent directory "/anaconda3/lib/gcc/x86_64-apple-darwin13.4.0/5.2.0/../../../../x86_64-apple-darwin13.4.0/include"
#include "..." search starts here:
#include <...> search starts here:
 /anaconda3/lib/gcc/x86_64-apple-darwin13.4.0/5.2.0/include
 /usr/local/include
 /anaconda3/include
 /anaconda3/lib/gcc/x86_64-apple-darwin13.4.0/5.2.0/include-fixed
 /usr/include
 /System/Library/Frameworks
 /Library/Frameworks
End of search list.
GNU C11 (GCC) version 5.2.0 (x86_64-apple-darwin13.4.0)
	compiled by GNU C version 5.2.0, GMP version 5.1.3, MPFR version 3.1.2, MPC version 1.0.1
warning: GMP header version 5.1.3 differs from library version 6.1.0.
GGC heuristics: --param ggc-min-expand=100 --param ggc-min-heapsize=131072
Compiler executable checksum: f38dac447e8bb57032ac64aff0c60ea1
COLLECT_GCC_OPTIONS='-mmacosx-version-min=10.14.7' '-v' '-o' 'CMakeFiles/cmTC_12118.dir/CMakeCCompilerABI.c.o' '-c' '-mtune=core2'
 as -arch x86_64 -force_cpusubtype_ALL -o CMakeFiles/cmTC_12118.dir/CMakeCCompilerABI.c.o /var/folders/9k/_cs35h5x0xn9nbsnmpyy_b340000gn/T//ccrNcjm1.s
COMPILER_PATH=/anaconda3/libexec/gcc/x86_64-apple-darwin13.4.0/5.2.0/:/anaconda3/libexec/gcc/x86_64-apple-darwin13.4.0/5.2.0/:/anaconda3/libexec/gcc/x86_64-apple-darwin13.4.0/:/anaconda3/lib/gcc/x86_64-apple-darwin13.4.0/5.2.0/:/anaconda3/lib/gcc/x86_64-apple-darwin13.4.0/
LIBRARY_PATH=/anaconda3/lib/gcc/x86_64-apple-darwin13.4.0/5.2.0/:/anaconda3/lib/gcc/x86_64-apple-darwin13.4.0/5.2.0/../../../:/usr/lib/
COLLECT_GCC_OPTIONS='-mmacosx-version-min=10.14.7' '-v' '-o' 'CMakeFiles/cmTC_12118.dir/CMakeCCompilerABI.c.o' '-c' '-mtune=core2'
Linking C executable cmTC_12118
/Applications/CLion.app/Contents/bin/cmake/mac/bin/cmake -E cmake_link_script CMakeFiles/cmTC_12118.dir/link.txt --verbose=1
/anaconda3/bin/cc   -Wl,-search_paths_first -Wl,-headerpad_max_install_names -L/usr/local/opt/llvm/lib -Wl,-rpath,/usr/local/opt/llvm/lib -v -Wl,-v CMakeFiles/cmTC_12118.dir/CMakeCCompilerABI.c.o  -o cmTC_12118 
Using built-in specs.
COLLECT_GCC=/anaconda3/bin/cc
COLLECT_LTO_WRAPPER=/anaconda3/libexec/gcc/x86_64-apple-darwin13.4.0/5.2.0/lto-wrapper
Target: x86_64-apple-darwin13.4.0
Configured with: ./configure --prefix=/anaconda3 --libdir=/anaconda3/lib --with-gmp=/anaconda3 --with-mpfr=/anaconda3 --with-mpc=/anaconda3 --with-isl=/anaconda3 --with-cloog=/anaconda3 --with-boot-ldflags=-Wl,-headerpad_max_install_names --with-stage1-ldflags=-Wl,-headerpad_max_install_names --enable-checking=release --disable-multilib
Thread model: posix
gcc version 5.2.0 (GCC) 
COMPILER_PATH=/anaconda3/libexec/gcc/x86_64-apple-darwin13.4.0/5.2.0/:/anaconda3/libexec/gcc/x86_64-apple-darwin13.4.0/5.2.0/:/anaconda3/libexec/gcc/x86_64-apple-darwin13.4.0/:/anaconda3/lib/gcc/x86_64-apple-darwin13.4.0/5.2.0/:/anaconda3/lib/gcc/x86_64-apple-darwin13.4.0/
LIBRARY_PATH=/anaconda3/lib/gcc/x86_64-apple-darwin13.4.0/5.2.0/:/anaconda3/lib/gcc/x86_64-apple-darwin13.4.0/5.2.0/../../../:/usr/lib/
COLLECT_GCC_OPTIONS='-mmacosx-version-min=10.14.7' '-L/usr/local/opt/llvm/lib' '-v' '-o' 'cmTC_12118' '-mtune=core2'
 /anaconda3/libexec/gcc/x86_64-apple-darwin13.4.0/5.2.0/collect2 -dynamic -arch x86_64 -macosx_version_min 10.14.7 -weak_reference_mismatches non-weak -o cmTC_12118 -L/usr/local/opt/llvm/lib -L/anaconda3/lib/gcc/x86_64-apple-darwin13.4.0/5.2.0 -L/anaconda3/lib/gcc/x86_64-apple-darwin13.4.0/5.2.0/../../.. -search_paths_first -headerpad_max_install_names -rpath /usr/local/opt/llvm/lib -v CMakeFiles/cmTC_12118.dir/CMakeCCompilerABI.c.o -no_compact_unwind -lSystem -lgcc_ext.10.5 -lgcc -lSystem -v
collect2 version 5.2.0
/usr/bin/ld -dynamic -arch x86_64 -macosx_version_min 10.14.7 -weak_reference_mismatches non-weak -o cmTC_12118 -L/usr/local/opt/llvm/lib -L/anaconda3/lib/gcc/x86_64-apple-darwin13.4.0/5.2.0 -L/anaconda3/lib/gcc/x86_64-apple-darwin13.4.0/5.2.0/../../.. -search_paths_first -headerpad_max_install_names -rpath /usr/local/opt/llvm/lib -v CMakeFiles/cmTC_12118.dir/CMakeCCompilerABI.c.o -no_compact_unwind -lSystem -lgcc_ext.10.5 -lgcc -lSystem -v
@(#)PROGRAM:ld  PROJECT:ld64-512.4
BUILD 14:16:54 Aug 26 2019
configured to support archs: armv6 armv7 armv7s arm64 arm64e arm64_32 i386 x86_64 x86_64h armv6m armv7k armv7m armv7em
@(#)PROGRAM:ld  PROJECT:ld64-512.4
BUILD 14:16:54 Aug 26 2019
configured to support archs: armv6 armv7 armv7s arm64 arm64e arm64_32 i386 x86_64 x86_64h armv6m armv7k armv7m armv7em
Library search paths:
	/usr/local/opt/llvm/lib
	/anaconda3/lib/gcc/x86_64-apple-darwin13.4.0/5.2.0
	/anaconda3/lib
	/usr/lib
	/usr/local/lib
Framework search paths:
	/Library/Frameworks/
	/System/Library/Frameworks/



Parsed C implicit include dir info from above output: rv=done
  found start of include info
  found start of implicit include info
    add: [/anaconda3/lib/gcc/x86_64-apple-darwin13.4.0/5.2.0/include]
    add: [/usr/local/include]
    add: [/anaconda3/include]
    add: [/anaconda3/lib/gcc/x86_64-apple-darwin13.4.0/5.2.0/include-fixed]
    add: [/usr/include]
    add: [/System/Library/Frameworks]
    add: [/Library/Frameworks]
  end of search list found
  collapse include dir [/anaconda3/lib/gcc/x86_64-apple-darwin13.4.0/5.2.0/include] ==> [/anaconda3/lib/gcc/x86_64-apple-darwin13.4.0/5.2.0/include]
  collapse include dir [/usr/local/include] ==> [/usr/local/include]
  collapse include dir [/anaconda3/include] ==> [/anaconda3/include]
  collapse include dir [/anaconda3/lib/gcc/x86_64-apple-darwin13.4.0/5.2.0/include-fixed] ==> [/anaconda3/lib/gcc/x86_64-apple-darwin13.4.0/5.2.0/include-fixed]
  collapse include dir [/usr/include] ==> [/usr/include]
  collapse include dir [/System/Library/Frameworks] ==> [/System/Library/Frameworks]
  collapse include dir [/Library/Frameworks] ==> [/Library/Frameworks]
  implicit include dirs: [/anaconda3/lib/gcc/x86_64-apple-darwin13.4.0/5.2.0/include;/usr/local/include;/anaconda3/include;/anaconda3/lib/gcc/x86_64-apple-darwin13.4.0/5.2.0/include-fixed;/usr/include;/System/Library/Frameworks;/Library/Frameworks]


Parsed C implicit link information from above output:
  link line regex: [^( *|.*[/\])(ld|CMAKE_LINK_STARTFILE-NOTFOUND|([^/\]+-)?ld|collect2)[^/\]*( |$)]
  ignore line: [Change Dir: /Users/liuguanfu/WorkSpace/gbdt/src/cpp/cmake-build-debug/CMakeFiles/CMakeTmp]
  ignore line: []
  ignore line: [Run Build Command(s):/usr/bin/make cmTC_12118/fast && /Applications/Xcode.app/Contents/Developer/usr/bin/make -f CMakeFiles/cmTC_12118.dir/build.make CMakeFiles/cmTC_12118.dir/build]
  ignore line: [Building C object CMakeFiles/cmTC_12118.dir/CMakeCCompilerABI.c.o]
  ignore line: [/anaconda3/bin/cc   -v -Wl,-v -o CMakeFiles/cmTC_12118.dir/CMakeCCompilerABI.c.o   -c /Applications/CLion.app/Contents/bin/cmake/mac/share/cmake-3.15/Modules/CMakeCCompilerABI.c]
  ignore line: [Using built-in specs.]
  ignore line: [COLLECT_GCC=/anaconda3/bin/cc]
  ignore line: [Target: x86_64-apple-darwin13.4.0]
  ignore line: [Configured with: ./configure --prefix=/anaconda3 --libdir=/anaconda3/lib --with-gmp=/anaconda3 --with-mpfr=/anaconda3 --with-mpc=/anaconda3 --with-isl=/anaconda3 --with-cloog=/anaconda3 --with-boot-ldflags=-Wl,-headerpad_max_install_names --with-stage1-ldflags=-Wl,-headerpad_max_install_names --enable-checking=release --disable-multilib]
  ignore line: [Thread model: posix]
  ignore line: [gcc version 5.2.0 (GCC) ]
  ignore line: [COLLECT_GCC_OPTIONS='-mmacosx-version-min=10.14.7' '-v' '-o' 'CMakeFiles/cmTC_12118.dir/CMakeCCompilerABI.c.o' '-c' '-mtune=core2']
  ignore line: [ /anaconda3/libexec/gcc/x86_64-apple-darwin13.4.0/5.2.0/cc1 -quiet -v -D__DYNAMIC__ /Applications/CLion.app/Contents/bin/cmake/mac/share/cmake-3.15/Modules/CMakeCCompilerABI.c -fPIC -quiet -dumpbase CMakeCCompilerABI.c -mmacosx-version-min=10.14.7 -mtune=core2 -auxbase-strip CMakeFiles/cmTC_12118.dir/CMakeCCompilerABI.c.o -version -o /var/folders/9k/_cs35h5x0xn9nbsnmpyy_b340000gn/T//ccrNcjm1.s]
  ignore line: [GNU C11 (GCC) version 5.2.0 (x86_64-apple-darwin13.4.0)]
  ignore line: [	compiled by GNU C version 5.2.0, GMP version 5.1.3, MPFR version 3.1.2, MPC version 1.0.1]
  ignore line: [warning: GMP header version 5.1.3 differs from library version 6.1.0.]
  ignore line: [GGC heuristics: --param ggc-min-expand=100 --param ggc-min-heapsize=131072]
  ignore line: [ignoring nonexistent directory "/anaconda3/lib/gcc/x86_64-apple-darwin13.4.0/5.2.0/../../../../x86_64-apple-darwin13.4.0/include"]
  ignore line: [#include "..." search starts here:]
  ignore line: [#include <...> search starts here:]
  ignore line: [ /anaconda3/lib/gcc/x86_64-apple-darwin13.4.0/5.2.0/include]
  ignore line: [ /usr/local/include]
  ignore line: [ /anaconda3/include]
  ignore line: [ /anaconda3/lib/gcc/x86_64-apple-darwin13.4.0/5.2.0/include-fixed]
  ignore line: [ /usr/include]
  ignore line: [ /System/Library/Frameworks]
  ignore line: [ /Library/Frameworks]
  ignore line: [End of search list.]
  ignore line: [GNU C11 (GCC) version 5.2.0 (x86_64-apple-darwin13.4.0)]
  ignore line: [	compiled by GNU C version 5.2.0, GMP version 5.1.3, MPFR version 3.1.2, MPC version 1.0.1]
  ignore line: [warning: GMP header version 5.1.3 differs from library version 6.1.0.]
  ignore line: [GGC heuristics: --param ggc-min-expand=100 --param ggc-min-heapsize=131072]
  ignore line: [Compiler executable checksum: f38dac447e8bb57032ac64aff0c60ea1]
  ignore line: [COLLECT_GCC_OPTIONS='-mmacosx-version-min=10.14.7' '-v' '-o' 'CMakeFiles/cmTC_12118.dir/CMakeCCompilerABI.c.o' '-c' '-mtune=core2']
  ignore line: [ as -arch x86_64 -force_cpusubtype_ALL -o CMakeFiles/cmTC_12118.dir/CMakeCCompilerABI.c.o /var/folders/9k/_cs35h5x0xn9nbsnmpyy_b340000gn/T//ccrNcjm1.s]
  ignore line: [COMPILER_PATH=/anaconda3/libexec/gcc/x86_64-apple-darwin13.4.0/5.2.0/:/anaconda3/libexec/gcc/x86_64-apple-darwin13.4.0/5.2.0/:/anaconda3/libexec/gcc/x86_64-apple-darwin13.4.0/:/anaconda3/lib/gcc/x86_64-apple-darwin13.4.0/5.2.0/:/anaconda3/lib/gcc/x86_64-apple-darwin13.4.0/]
  ignore line: [LIBRARY_PATH=/anaconda3/lib/gcc/x86_64-apple-darwin13.4.0/5.2.0/:/anaconda3/lib/gcc/x86_64-apple-darwin13.4.0/5.2.0/../../../:/usr/lib/]
  ignore line: [COLLECT_GCC_OPTIONS='-mmacosx-version-min=10.14.7' '-v' '-o' 'CMakeFiles/cmTC_12118.dir/CMakeCCompilerABI.c.o' '-c' '-mtune=core2']
  ignore line: [Linking C executable cmTC_12118]
  ignore line: [/Applications/CLion.app/Contents/bin/cmake/mac/bin/cmake -E cmake_link_script CMakeFiles/cmTC_12118.dir/link.txt --verbose=1]
  ignore line: [/anaconda3/bin/cc   -Wl,-search_paths_first -Wl,-headerpad_max_install_names -L/usr/local/opt/llvm/lib -Wl,-rpath,/usr/local/opt/llvm/lib -v -Wl,-v CMakeFiles/cmTC_12118.dir/CMakeCCompilerABI.c.o  -o cmTC_12118 ]
  ignore line: [Using built-in specs.]
  ignore line: [COLLECT_GCC=/anaconda3/bin/cc]
  ignore line: [COLLECT_LTO_WRAPPER=/anaconda3/libexec/gcc/x86_64-apple-darwin13.4.0/5.2.0/lto-wrapper]
  ignore line: [Target: x86_64-apple-darwin13.4.0]
  ignore line: [Configured with: ./configure --prefix=/anaconda3 --libdir=/anaconda3/lib --with-gmp=/anaconda3 --with-mpfr=/anaconda3 --with-mpc=/anaconda3 --with-isl=/anaconda3 --with-cloog=/anaconda3 --with-boot-ldflags=-Wl,-headerpad_max_install_names --with-stage1-ldflags=-Wl,-headerpad_max_install_names --enable-checking=release --disable-multilib]
  ignore line: [Thread model: posix]
  ignore line: [gcc version 5.2.0 (GCC) ]
  ignore line: [COMPILER_PATH=/anaconda3/libexec/gcc/x86_64-apple-darwin13.4.0/5.2.0/:/anaconda3/libexec/gcc/x86_64-apple-darwin13.4.0/5.2.0/:/anaconda3/libexec/gcc/x86_64-apple-darwin13.4.0/:/anaconda3/lib/gcc/x86_64-apple-darwin13.4.0/5.2.0/:/anaconda3/lib/gcc/x86_64-apple-darwin13.4.0/]
  ignore line: [LIBRARY_PATH=/anaconda3/lib/gcc/x86_64-apple-darwin13.4.0/5.2.0/:/anaconda3/lib/gcc/x86_64-apple-darwin13.4.0/5.2.0/../../../:/usr/lib/]
  ignore line: [COLLECT_GCC_OPTIONS='-mmacosx-version-min=10.14.7' '-L/usr/local/opt/llvm/lib' '-v' '-o' 'cmTC_12118' '-mtune=core2']
  link line: [ /anaconda3/libexec/gcc/x86_64-apple-darwin13.4.0/5.2.0/collect2 -dynamic -arch x86_64 -macosx_version_min 10.14.7 -weak_reference_mismatches non-weak -o cmTC_12118 -L/usr/local/opt/llvm/lib -L/anaconda3/lib/gcc/x86_64-apple-darwin13.4.0/5.2.0 -L/anaconda3/lib/gcc/x86_64-apple-darwin13.4.0/5.2.0/../../.. -search_paths_first -headerpad_max_install_names -rpath /usr/local/opt/llvm/lib -v CMakeFiles/cmTC_12118.dir/CMakeCCompilerABI.c.o -no_compact_unwind -lSystem -lgcc_ext.10.5 -lgcc -lSystem -v]
    arg [/anaconda3/libexec/gcc/x86_64-apple-darwin13.4.0/5.2.0/collect2] ==> ignore
    arg [-dynamic] ==> ignore
    arg [-arch] ==> ignore
    arg [x86_64] ==> ignore
    arg [-macosx_version_min] ==> ignore
    arg [10.14.7] ==> ignore
    arg [-weak_reference_mismatches] ==> ignore
    arg [non-weak] ==> ignore
    arg [-o] ==> ignore
    arg [cmTC_12118] ==> ignore
    arg [-L/usr/local/opt/llvm/lib] ==> dir [/usr/local/opt/llvm/lib]
    arg [-L/anaconda3/lib/gcc/x86_64-apple-darwin13.4.0/5.2.0] ==> dir [/anaconda3/lib/gcc/x86_64-apple-darwin13.4.0/5.2.0]
    arg [-L/anaconda3/lib/gcc/x86_64-apple-darwin13.4.0/5.2.0/../../..] ==> dir [/anaconda3/lib/gcc/x86_64-apple-darwin13.4.0/5.2.0/../../..]
    arg [-search_paths_first] ==> ignore
    arg [-headerpad_max_install_names] ==> ignore
    arg [-rpath] ==> ignore
    arg [/usr/local/opt/llvm/lib] ==> ignore
    arg [-v] ==> ignore
    arg [CMakeFiles/cmTC_12118.dir/CMakeCCompilerABI.c.o] ==> ignore
    arg [-no_compact_unwind] ==> ignore
    arg [-lSystem] ==> lib [System]
    arg [-lgcc_ext.10.5] ==> lib [gcc_ext.10.5]
    arg [-lgcc] ==> lib [gcc]
    arg [-lSystem] ==> lib [System]
    arg [-v] ==> ignore
  Library search paths: [;/usr/local/opt/llvm/lib;/anaconda3/lib/gcc/x86_64-apple-darwin13.4.0/5.2.0;/anaconda3/lib;/usr/lib;/usr/local/lib]
  Framework search paths: [;/Library/Frameworks/;/System/Library/Frameworks/]
  remove lib [System]
  remove lib [System]
  collapse library dir [/usr/local/opt/llvm/lib] ==> [/usr/local/opt/llvm/lib]
  collapse library dir [/anaconda3/lib/gcc/x86_64-apple-darwin13.4.0/5.2.0] ==> [/anaconda3/lib/gcc/x86_64-apple-darwin13.4.0/5.2.0]
  collapse library dir [/anaconda3/lib/gcc/x86_64-apple-darwin13.4.0/5.2.0/../../..] ==> [/anaconda3/lib]
  collapse library dir [/usr/local/opt/llvm/lib] ==> [/usr/local/opt/llvm/lib]
  collapse library dir [/anaconda3/lib/gcc/x86_64-apple-darwin13.4.0/5.2.0] ==> [/anaconda3/lib/gcc/x86_64-apple-darwin13.4.0/5.2.0]
  collapse library dir [/anaconda3/lib] ==> [/anaconda3/lib]
  collapse library dir [/usr/lib] ==> [/usr/lib]
  collapse library dir [/usr/local/lib] ==> [/usr/local/lib]
  collapse framework dir [/Library/Frameworks/] ==> [/Library/Frameworks]
  collapse framework dir [/System/Library/Frameworks/] ==> [/System/Library/Frameworks]
  implicit libs: [gcc_ext.10.5;gcc]
  implicit dirs: [/usr/local/opt/llvm/lib;/anaconda3/lib/gcc/x86_64-apple-darwin13.4.0/5.2.0;/anaconda3/lib;/usr/lib;/usr/local/lib]
  implicit fwks: [/Library/Frameworks;/System/Library/Frameworks]


Determining if the CXX compiler works passed with the following output:
Change Dir: /Users/liuguanfu/WorkSpace/gbdt/src/cpp/cmake-build-debug/CMakeFiles/CMakeTmp

Run Build Command(s):/usr/bin/make cmTC_62cc5/fast && /Applications/Xcode.app/Contents/Developer/usr/bin/make -f CMakeFiles/cmTC_62cc5.dir/build.make CMakeFiles/cmTC_62cc5.dir/build
Building CXX object CMakeFiles/cmTC_62cc5.dir/testCXXCompiler.cxx.o
/anaconda3/bin/c++     -o CMakeFiles/cmTC_62cc5.dir/testCXXCompiler.cxx.o -c /Users/liuguanfu/WorkSpace/gbdt/src/cpp/cmake-build-debug/CMakeFiles/CMakeTmp/testCXXCompiler.cxx
Linking CXX executable cmTC_62cc5
/Applications/CLion.app/Contents/bin/cmake/mac/bin/cmake -E cmake_link_script CMakeFiles/cmTC_62cc5.dir/link.txt --verbose=1
/anaconda3/bin/c++    -Wl,-search_paths_first -Wl,-headerpad_max_install_names -L/usr/local/opt/llvm/lib -Wl,-rpath,/usr/local/opt/llvm/lib  CMakeFiles/cmTC_62cc5.dir/testCXXCompiler.cxx.o  -o cmTC_62cc5 



Detecting CXX compiler ABI info compiled with the following output:
Change Dir: /Users/liuguanfu/WorkSpace/gbdt/src/cpp/cmake-build-debug/CMakeFiles/CMakeTmp

Run Build Command(s):/usr/bin/make cmTC_c194b/fast && /Applications/Xcode.app/Contents/Developer/usr/bin/make -f CMakeFiles/cmTC_c194b.dir/build.make CMakeFiles/cmTC_c194b.dir/build
Building CXX object CMakeFiles/cmTC_c194b.dir/CMakeCXXCompilerABI.cpp.o
/anaconda3/bin/c++    -v -Wl,-v -o CMakeFiles/cmTC_c194b.dir/CMakeCXXCompilerABI.cpp.o -c /Applications/CLion.app/Contents/bin/cmake/mac/share/cmake-3.15/Modules/CMakeCXXCompilerABI.cpp
Using built-in specs.
COLLECT_GCC=/anaconda3/bin/c++
Target: x86_64-apple-darwin13.4.0
Configured with: ./configure --prefix=/anaconda3 --libdir=/anaconda3/lib --with-gmp=/anaconda3 --with-mpfr=/anaconda3 --with-mpc=/anaconda3 --with-isl=/anaconda3 --with-cloog=/anaconda3 --with-boot-ldflags=-Wl,-headerpad_max_install_names --with-stage1-ldflags=-Wl,-headerpad_max_install_names --enable-checking=release --disable-multilib
Thread model: posix
gcc version 5.2.0 (GCC) 
COLLECT_GCC_OPTIONS='-mmacosx-version-min=10.14.7' '-v' '-o' 'CMakeFiles/cmTC_c194b.dir/CMakeCXXCompilerABI.cpp.o' '-c' '-shared-libgcc' '-mtune=core2'
 /anaconda3/libexec/gcc/x86_64-apple-darwin13.4.0/5.2.0/cc1plus -quiet -v -D__DYNAMIC__ /Applications/CLion.app/Contents/bin/cmake/mac/share/cmake-3.15/Modules/CMakeCXXCompilerABI.cpp -fPIC -quiet -dumpbase CMakeCXXCompilerABI.cpp -mmacosx-version-min=10.14.7 -mtune=core2 -auxbase-strip CMakeFiles/cmTC_c194b.dir/CMakeCXXCompilerABI.cpp.o -version -o /var/folders/9k/_cs35h5x0xn9nbsnmpyy_b340000gn/T//ccusxLVb.s
GNU C++ (GCC) version 5.2.0 (x86_64-apple-darwin13.4.0)
	compiled by GNU C version 5.2.0, GMP version 5.1.3, MPFR version 3.1.2, MPC version 1.0.1
warning: GMP header version 5.1.3 differs from library version 6.1.0.
GGC heuristics: --param ggc-min-expand=100 --param ggc-min-heapsize=131072
ignoring nonexistent directory "/anaconda3/lib/gcc/x86_64-apple-darwin13.4.0/5.2.0/../../../../x86_64-apple-darwin13.4.0/include"
#include "..." search starts here:
#include <...> search starts here:
 /anaconda3/lib/gcc/x86_64-apple-darwin13.4.0/5.2.0/../../../../include/c++/5.2.0
 /anaconda3/lib/gcc/x86_64-apple-darwin13.4.0/5.2.0/../../../../include/c++/5.2.0/x86_64-apple-darwin13.4.0
 /anaconda3/lib/gcc/x86_64-apple-darwin13.4.0/5.2.0/../../../../include/c++/5.2.0/backward
 /anaconda3/lib/gcc/x86_64-apple-darwin13.4.0/5.2.0/include
 /usr/local/include
 /anaconda3/include
 /anaconda3/lib/gcc/x86_64-apple-darwin13.4.0/5.2.0/include-fixed
 /usr/include
 /System/Library/Frameworks
 /Library/Frameworks
End of search list.
GNU C++ (GCC) version 5.2.0 (x86_64-apple-darwin13.4.0)
	compiled by GNU C version 5.2.0, GMP version 5.1.3, MPFR version 3.1.2, MPC version 1.0.1
warning: GMP header version 5.1.3 differs from library version 6.1.0.
GGC heuristics: --param ggc-min-expand=100 --param ggc-min-heapsize=131072
Compiler executable checksum: 76b27a68a0c06f217d1bab59a2843eeb
COLLECT_GCC_OPTIONS='-mmacosx-version-min=10.14.7' '-v' '-o' 'CMakeFiles/cmTC_c194b.dir/CMakeCXXCompilerABI.cpp.o' '-c' '-shared-libgcc' '-mtune=core2'
 as -arch x86_64 -force_cpusubtype_ALL -o CMakeFiles/cmTC_c194b.dir/CMakeCXXCompilerABI.cpp.o /var/folders/9k/_cs35h5x0xn9nbsnmpyy_b340000gn/T//ccusxLVb.s
COMPILER_PATH=/anaconda3/libexec/gcc/x86_64-apple-darwin13.4.0/5.2.0/:/anaconda3/libexec/gcc/x86_64-apple-darwin13.4.0/5.2.0/:/anaconda3/libexec/gcc/x86_64-apple-darwin13.4.0/:/anaconda3/lib/gcc/x86_64-apple-darwin13.4.0/5.2.0/:/anaconda3/lib/gcc/x86_64-apple-darwin13.4.0/
LIBRARY_PATH=/anaconda3/lib/gcc/x86_64-apple-darwin13.4.0/5.2.0/:/anaconda3/lib/gcc/x86_64-apple-darwin13.4.0/5.2.0/../../../:/usr/lib/
COLLECT_GCC_OPTIONS='-mmacosx-version-min=10.14.7' '-v' '-o' 'CMakeFiles/cmTC_c194b.dir/CMakeCXXCompilerABI.cpp.o' '-c' '-shared-libgcc' '-mtune=core2'
Linking CXX executable cmTC_c194b
/Applications/CLion.app/Contents/bin/cmake/mac/bin/cmake -E cmake_link_script CMakeFiles/cmTC_c194b.dir/link.txt --verbose=1
/anaconda3/bin/c++    -Wl,-search_paths_first -Wl,-headerpad_max_install_names -L/usr/local/opt/llvm/lib -Wl,-rpath,/usr/local/opt/llvm/lib -v -Wl,-v CMakeFiles/cmTC_c194b.dir/CMakeCXXCompilerABI.cpp.o  -o cmTC_c194b 
Using built-in specs.
COLLECT_GCC=/anaconda3/bin/c++
COLLECT_LTO_WRAPPER=/anaconda3/libexec/gcc/x86_64-apple-darwin13.4.0/5.2.0/lto-wrapper
Target: x86_64-apple-darwin13.4.0
Configured with: ./configure --prefix=/anaconda3 --libdir=/anaconda3/lib --with-gmp=/anaconda3 --with-mpfr=/anaconda3 --with-mpc=/anaconda3 --with-isl=/anaconda3 --with-cloog=/anaconda3 --with-boot-ldflags=-Wl,-headerpad_max_install_names --with-stage1-ldflags=-Wl,-headerpad_max_install_names --enable-checking=release --disable-multilib
Thread model: posix
gcc version 5.2.0 (GCC) 
COMPILER_PATH=/anaconda3/libexec/gcc/x86_64-apple-darwin13.4.0/5.2.0/:/anaconda3/libexec/gcc/x86_64-apple-darwin13.4.0/5.2.0/:/anaconda3/libexec/gcc/x86_64-apple-darwin13.4.0/:/anaconda3/lib/gcc/x86_64-apple-darwin13.4.0/5.2.0/:/anaconda3/lib/gcc/x86_64-apple-darwin13.4.0/
LIBRARY_PATH=/anaconda3/lib/gcc/x86_64-apple-darwin13.4.0/5.2.0/:/anaconda3/lib/gcc/x86_64-apple-darwin13.4.0/5.2.0/../../../:/usr/lib/
COLLECT_GCC_OPTIONS='-mmacosx-version-min=10.14.7' '-L/usr/local/opt/llvm/lib' '-v' '-o' 'cmTC_c194b' '-shared-libgcc' '-mtune=core2'
 /anaconda3/libexec/gcc/x86_64-apple-darwin13.4.0/5.2.0/collect2 -dynamic -arch x86_64 -macosx_version_min 10.14.7 -weak_reference_mismatches non-weak -o cmTC_c194b -L/usr/local/opt/llvm/lib -L/anaconda3/lib/gcc/x86_64-apple-darwin13.4.0/5.2.0 -L/anaconda3/lib/gcc/x86_64-apple-darwin13.4.0/5.2.0/../../.. -search_paths_first -headerpad_max_install_names -rpath /usr/local/opt/llvm/lib -v CMakeFiles/cmTC_c194b.dir/CMakeCXXCompilerABI.cpp.o -lstdc++ -no_compact_unwind -lSystem -lgcc_ext.10.5 -lgcc -lSystem -v
collect2 version 5.2.0
/usr/bin/ld -dynamic -arch x86_64 -macosx_version_min 10.14.7 -weak_reference_mismatches non-weak -o cmTC_c194b -L/usr/local/opt/llvm/lib -L/anaconda3/lib/gcc/x86_64-apple-darwin13.4.0/5.2.0 -L/anaconda3/lib/gcc/x86_64-apple-darwin13.4.0/5.2.0/../../.. -search_paths_first -headerpad_max_install_names -rpath /usr/local/opt/llvm/lib -v CMakeFiles/cmTC_c194b.dir/CMakeCXXCompilerABI.cpp.o -lstdc++ -no_compact_unwind -lSystem -lgcc_ext.10.5 -lgcc -lSystem -v
@(#)PROGRAM:ld  PROJECT:ld64-512.4
BUILD 14:16:54 Aug 26 2019
configured to support archs: armv6 armv7 armv7s arm64 arm64e arm64_32 i386 x86_64 x86_64h armv6m armv7k armv7m armv7em
@(#)PROGRAM:ld  PROJECT:ld64-512.4
BUILD 14:16:54 Aug 26 2019
configured to support archs: armv6 armv7 armv7s arm64 arm64e arm64_32 i386 x86_64 x86_64h armv6m armv7k armv7m armv7em
Library search paths:
	/usr/local/opt/llvm/lib
	/anaconda3/lib/gcc/x86_64-apple-darwin13.4.0/5.2.0
	/anaconda3/lib
	/usr/lib
	/usr/local/lib
Framework search paths:
	/Library/Frameworks/
	/System/Library/Frameworks/



Parsed CXX implicit include dir info from above output: rv=done
  found start of include info
  found start of implicit include info
    add: [/anaconda3/lib/gcc/x86_64-apple-darwin13.4.0/5.2.0/../../../../include/c++/5.2.0]
    add: [/anaconda3/lib/gcc/x86_64-apple-darwin13.4.0/5.2.0/../../../../include/c++/5.2.0/x86_64-apple-darwin13.4.0]
    add: [/anaconda3/lib/gcc/x86_64-apple-darwin13.4.0/5.2.0/../../../../include/c++/5.2.0/backward]
    add: [/anaconda3/lib/gcc/x86_64-apple-darwin13.4.0/5.2.0/include]
    add: [/usr/local/include]
    add: [/anaconda3/include]
    add: [/anaconda3/lib/gcc/x86_64-apple-darwin13.4.0/5.2.0/include-fixed]
    add: [/usr/include]
    add: [/System/Library/Frameworks]
    add: [/Library/Frameworks]
  end of search list found
  collapse include dir [/anaconda3/lib/gcc/x86_64-apple-darwin13.4.0/5.2.0/../../../../include/c++/5.2.0] ==> [/anaconda3/include/c++/5.2.0]
  collapse include dir [/anaconda3/lib/gcc/x86_64-apple-darwin13.4.0/5.2.0/../../../../include/c++/5.2.0/x86_64-apple-darwin13.4.0] ==> [/anaconda3/include/c++/5.2.0/x86_64-apple-darwin13.4.0]
  collapse include dir [/anaconda3/lib/gcc/x86_64-apple-darwin13.4.0/5.2.0/../../../../include/c++/5.2.0/backward] ==> [/anaconda3/include/c++/5.2.0/backward]
  collapse include dir [/anaconda3/lib/gcc/x86_64-apple-darwin13.4.0/5.2.0/include] ==> [/anaconda3/lib/gcc/x86_64-apple-darwin13.4.0/5.2.0/include]
  collapse include dir [/usr/local/include] ==> [/usr/local/include]
  collapse include dir [/anaconda3/include] ==> [/anaconda3/include]
  collapse include dir [/anaconda3/lib/gcc/x86_64-apple-darwin13.4.0/5.2.0/include-fixed] ==> [/anaconda3/lib/gcc/x86_64-apple-darwin13.4.0/5.2.0/include-fixed]
  collapse include dir [/usr/include] ==> [/usr/include]
  collapse include dir [/System/Library/Frameworks] ==> [/System/Library/Frameworks]
  collapse include dir [/Library/Frameworks] ==> [/Library/Frameworks]
  implicit include dirs: [/anaconda3/include/c++/5.2.0;/anaconda3/include/c++/5.2.0/x86_64-apple-darwin13.4.0;/anaconda3/include/c++/5.2.0/backward;/anaconda3/lib/gcc/x86_64-apple-darwin13.4.0/5.2.0/include;/usr/local/include;/anaconda3/include;/anaconda3/lib/gcc/x86_64-apple-darwin13.4.0/5.2.0/include-fixed;/usr/include;/System/Library/Frameworks;/Library/Frameworks]


Parsed CXX implicit link information from above output:
  link line regex: [^( *|.*[/\])(ld|CMAKE_LINK_STARTFILE-NOTFOUND|([^/\]+-)?ld|collect2)[^/\]*( |$)]
  ignore line: [Change Dir: /Users/liuguanfu/WorkSpace/gbdt/src/cpp/cmake-build-debug/CMakeFiles/CMakeTmp]
  ignore line: []
  ignore line: [Run Build Command(s):/usr/bin/make cmTC_c194b/fast && /Applications/Xcode.app/Contents/Developer/usr/bin/make -f CMakeFiles/cmTC_c194b.dir/build.make CMakeFiles/cmTC_c194b.dir/build]
  ignore line: [Building CXX object CMakeFiles/cmTC_c194b.dir/CMakeCXXCompilerABI.cpp.o]
  ignore line: [/anaconda3/bin/c++    -v -Wl,-v -o CMakeFiles/cmTC_c194b.dir/CMakeCXXCompilerABI.cpp.o -c /Applications/CLion.app/Contents/bin/cmake/mac/share/cmake-3.15/Modules/CMakeCXXCompilerABI.cpp]
  ignore line: [Using built-in specs.]
  ignore line: [COLLECT_GCC=/anaconda3/bin/c++]
  ignore line: [Target: x86_64-apple-darwin13.4.0]
  ignore line: [Configured with: ./configure --prefix=/anaconda3 --libdir=/anaconda3/lib --with-gmp=/anaconda3 --with-mpfr=/anaconda3 --with-mpc=/anaconda3 --with-isl=/anaconda3 --with-cloog=/anaconda3 --with-boot-ldflags=-Wl,-headerpad_max_install_names --with-stage1-ldflags=-Wl,-headerpad_max_install_names --enable-checking=release --disable-multilib]
  ignore line: [Thread model: posix]
  ignore line: [gcc version 5.2.0 (GCC) ]
  ignore line: [COLLECT_GCC_OPTIONS='-mmacosx-version-min=10.14.7' '-v' '-o' 'CMakeFiles/cmTC_c194b.dir/CMakeCXXCompilerABI.cpp.o' '-c' '-shared-libgcc' '-mtune=core2']
  ignore line: [ /anaconda3/libexec/gcc/x86_64-apple-darwin13.4.0/5.2.0/cc1plus -quiet -v -D__DYNAMIC__ /Applications/CLion.app/Contents/bin/cmake/mac/share/cmake-3.15/Modules/CMakeCXXCompilerABI.cpp -fPIC -quiet -dumpbase CMakeCXXCompilerABI.cpp -mmacosx-version-min=10.14.7 -mtune=core2 -auxbase-strip CMakeFiles/cmTC_c194b.dir/CMakeCXXCompilerABI.cpp.o -version -o /var/folders/9k/_cs35h5x0xn9nbsnmpyy_b340000gn/T//ccusxLVb.s]
  ignore line: [GNU C++ (GCC) version 5.2.0 (x86_64-apple-darwin13.4.0)]
  ignore line: [	compiled by GNU C version 5.2.0, GMP version 5.1.3, MPFR version 3.1.2, MPC version 1.0.1]
  ignore line: [warning: GMP header version 5.1.3 differs from library version 6.1.0.]
  ignore line: [GGC heuristics: --param ggc-min-expand=100 --param ggc-min-heapsize=131072]
  ignore line: [ignoring nonexistent directory "/anaconda3/lib/gcc/x86_64-apple-darwin13.4.0/5.2.0/../../../../x86_64-apple-darwin13.4.0/include"]
  ignore line: [#include "..." search starts here:]
  ignore line: [#include <...> search starts here:]
  ignore line: [ /anaconda3/lib/gcc/x86_64-apple-darwin13.4.0/5.2.0/../../../../include/c++/5.2.0]
  ignore line: [ /anaconda3/lib/gcc/x86_64-apple-darwin13.4.0/5.2.0/../../../../include/c++/5.2.0/x86_64-apple-darwin13.4.0]
  ignore line: [ /anaconda3/lib/gcc/x86_64-apple-darwin13.4.0/5.2.0/../../../../include/c++/5.2.0/backward]
  ignore line: [ /anaconda3/lib/gcc/x86_64-apple-darwin13.4.0/5.2.0/include]
  ignore line: [ /usr/local/include]
  ignore line: [ /anaconda3/include]
  ignore line: [ /anaconda3/lib/gcc/x86_64-apple-darwin13.4.0/5.2.0/include-fixed]
  ignore line: [ /usr/include]
  ignore line: [ /System/Library/Frameworks]
  ignore line: [ /Library/Frameworks]
  ignore line: [End of search list.]
  ignore line: [GNU C++ (GCC) version 5.2.0 (x86_64-apple-darwin13.4.0)]
  ignore line: [	compiled by GNU C version 5.2.0, GMP version 5.1.3, MPFR version 3.1.2, MPC version 1.0.1]
  ignore line: [warning: GMP header version 5.1.3 differs from library version 6.1.0.]
  ignore line: [GGC heuristics: --param ggc-min-expand=100 --param ggc-min-heapsize=131072]
  ignore line: [Compiler executable checksum: 76b27a68a0c06f217d1bab59a2843eeb]
  ignore line: [COLLECT_GCC_OPTIONS='-mmacosx-version-min=10.14.7' '-v' '-o' 'CMakeFiles/cmTC_c194b.dir/CMakeCXXCompilerABI.cpp.o' '-c' '-shared-libgcc' '-mtune=core2']
  ignore line: [ as -arch x86_64 -force_cpusubtype_ALL -o CMakeFiles/cmTC_c194b.dir/CMakeCXXCompilerABI.cpp.o /var/folders/9k/_cs35h5x0xn9nbsnmpyy_b340000gn/T//ccusxLVb.s]
  ignore line: [COMPILER_PATH=/anaconda3/libexec/gcc/x86_64-apple-darwin13.4.0/5.2.0/:/anaconda3/libexec/gcc/x86_64-apple-darwin13.4.0/5.2.0/:/anaconda3/libexec/gcc/x86_64-apple-darwin13.4.0/:/anaconda3/lib/gcc/x86_64-apple-darwin13.4.0/5.2.0/:/anaconda3/lib/gcc/x86_64-apple-darwin13.4.0/]
  ignore line: [LIBRARY_PATH=/anaconda3/lib/gcc/x86_64-apple-darwin13.4.0/5.2.0/:/anaconda3/lib/gcc/x86_64-apple-darwin13.4.0/5.2.0/../../../:/usr/lib/]
  ignore line: [COLLECT_GCC_OPTIONS='-mmacosx-version-min=10.14.7' '-v' '-o' 'CMakeFiles/cmTC_c194b.dir/CMakeCXXCompilerABI.cpp.o' '-c' '-shared-libgcc' '-mtune=core2']
  ignore line: [Linking CXX executable cmTC_c194b]
  ignore line: [/Applications/CLion.app/Contents/bin/cmake/mac/bin/cmake -E cmake_link_script CMakeFiles/cmTC_c194b.dir/link.txt --verbose=1]
  ignore line: [/anaconda3/bin/c++    -Wl,-search_paths_first -Wl,-headerpad_max_install_names -L/usr/local/opt/llvm/lib -Wl,-rpath,/usr/local/opt/llvm/lib -v -Wl,-v CMakeFiles/cmTC_c194b.dir/CMakeCXXCompilerABI.cpp.o  -o cmTC_c194b ]
  ignore line: [Using built-in specs.]
  ignore line: [COLLECT_GCC=/anaconda3/bin/c++]
  ignore line: [COLLECT_LTO_WRAPPER=/anaconda3/libexec/gcc/x86_64-apple-darwin13.4.0/5.2.0/lto-wrapper]
  ignore line: [Target: x86_64-apple-darwin13.4.0]
  ignore line: [Configured with: ./configure --prefix=/anaconda3 --libdir=/anaconda3/lib --with-gmp=/anaconda3 --with-mpfr=/anaconda3 --with-mpc=/anaconda3 --with-isl=/anaconda3 --with-cloog=/anaconda3 --with-boot-ldflags=-Wl,-headerpad_max_install_names --with-stage1-ldflags=-Wl,-headerpad_max_install_names --enable-checking=release --disable-multilib]
  ignore line: [Thread model: posix]
  ignore line: [gcc version 5.2.0 (GCC) ]
  ignore line: [COMPILER_PATH=/anaconda3/libexec/gcc/x86_64-apple-darwin13.4.0/5.2.0/:/anaconda3/libexec/gcc/x86_64-apple-darwin13.4.0/5.2.0/:/anaconda3/libexec/gcc/x86_64-apple-darwin13.4.0/:/anaconda3/lib/gcc/x86_64-apple-darwin13.4.0/5.2.0/:/anaconda3/lib/gcc/x86_64-apple-darwin13.4.0/]
  ignore line: [LIBRARY_PATH=/anaconda3/lib/gcc/x86_64-apple-darwin13.4.0/5.2.0/:/anaconda3/lib/gcc/x86_64-apple-darwin13.4.0/5.2.0/../../../:/usr/lib/]
  ignore line: [COLLECT_GCC_OPTIONS='-mmacosx-version-min=10.14.7' '-L/usr/local/opt/llvm/lib' '-v' '-o' 'cmTC_c194b' '-shared-libgcc' '-mtune=core2']
  link line: [ /anaconda3/libexec/gcc/x86_64-apple-darwin13.4.0/5.2.0/collect2 -dynamic -arch x86_64 -macosx_version_min 10.14.7 -weak_reference_mismatches non-weak -o cmTC_c194b -L/usr/local/opt/llvm/lib -L/anaconda3/lib/gcc/x86_64-apple-darwin13.4.0/5.2.0 -L/anaconda3/lib/gcc/x86_64-apple-darwin13.4.0/5.2.0/../../.. -search_paths_first -headerpad_max_install_names -rpath /usr/local/opt/llvm/lib -v CMakeFiles/cmTC_c194b.dir/CMakeCXXCompilerABI.cpp.o -lstdc++ -no_compact_unwind -lSystem -lgcc_ext.10.5 -lgcc -lSystem -v]
    arg [/anaconda3/libexec/gcc/x86_64-apple-darwin13.4.0/5.2.0/collect2] ==> ignore
    arg [-dynamic] ==> ignore
    arg [-arch] ==> ignore
    arg [x86_64] ==> ignore
    arg [-macosx_version_min] ==> ignore
    arg [10.14.7] ==> ignore
    arg [-weak_reference_mismatches] ==> ignore
    arg [non-weak] ==> ignore
    arg [-o] ==> ignore
    arg [cmTC_c194b] ==> ignore
    arg [-L/usr/local/opt/llvm/lib] ==> dir [/usr/local/opt/llvm/lib]
    arg [-L/anaconda3/lib/gcc/x86_64-apple-darwin13.4.0/5.2.0] ==> dir [/anaconda3/lib/gcc/x86_64-apple-darwin13.4.0/5.2.0]
    arg [-L/anaconda3/lib/gcc/x86_64-apple-darwin13.4.0/5.2.0/../../..] ==> dir [/anaconda3/lib/gcc/x86_64-apple-darwin13.4.0/5.2.0/../../..]
    arg [-search_paths_first] ==> ignore
    arg [-headerpad_max_install_names] ==> ignore
    arg [-rpath] ==> ignore
    arg [/usr/local/opt/llvm/lib] ==> ignore
    arg [-v] ==> ignore
    arg [CMakeFiles/cmTC_c194b.dir/CMakeCXXCompilerABI.cpp.o] ==> ignore
    arg [-lstdc++] ==> lib [stdc++]
    arg [-no_compact_unwind] ==> ignore
    arg [-lSystem] ==> lib [System]
    arg [-lgcc_ext.10.5] ==> lib [gcc_ext.10.5]
    arg [-lgcc] ==> lib [gcc]
    arg [-lSystem] ==> lib [System]
    arg [-v] ==> ignore
  Library search paths: [;/usr/local/opt/llvm/lib;/anaconda3/lib/gcc/x86_64-apple-darwin13.4.0/5.2.0;/anaconda3/lib;/usr/lib;/usr/local/lib]
  Framework search paths: [;/Library/Frameworks/;/System/Library/Frameworks/]
  remove lib [System]
  remove lib [System]
  collapse library dir [/usr/local/opt/llvm/lib] ==> [/usr/local/opt/llvm/lib]
  collapse library dir [/anaconda3/lib/gcc/x86_64-apple-darwin13.4.0/5.2.0] ==> [/anaconda3/lib/gcc/x86_64-apple-darwin13.4.0/5.2.0]
  collapse library dir [/anaconda3/lib/gcc/x86_64-apple-darwin13.4.0/5.2.0/../../..] ==> [/anaconda3/lib]
  collapse library dir [/usr/local/opt/llvm/lib] ==> [/usr/local/opt/llvm/lib]
  collapse library dir [/anaconda3/lib/gcc/x86_64-apple-darwin13.4.0/5.2.0] ==> [/anaconda3/lib/gcc/x86_64-apple-darwin13.4.0/5.2.0]
  collapse library dir [/anaconda3/lib] ==> [/anaconda3/lib]
  collapse library dir [/usr/lib] ==> [/usr/lib]
  collapse library dir [/usr/local/lib] ==> [/usr/local/lib]
  collapse framework dir [/Library/Frameworks/] ==> [/Library/Frameworks]
  collapse framework dir [/System/Library/Frameworks/] ==> [/System/Library/Frameworks]
  implicit libs: [stdc++;gcc_ext.10.5;gcc]
  implicit dirs: [/usr/local/opt/llvm/lib;/anaconda3/lib/gcc/x86_64-apple-darwin13.4.0/5.2.0;/anaconda3/lib;/usr/lib;/usr/local/lib]
  implicit fwks: [/Library/Frameworks;/System/Library/Frameworks]


